#
# There is insufficient memory for the Java Runtime Environment to continue.
# Native memory allocation (malloc) failed to allocate 1128416 bytes for Chunk::new
# Possible reasons:
#   The system is out of physical RAM or swap space
#   The process is running with CompressedOops enabled, and the Java Heap may be blocking the growth of the native heap
# Possible solutions:
#   Reduce memory load on the system
#   Increase physical memory or swap space
#   Check if swap backing store is full
#   Decrease Java heap size (-Xmx/-Xms)
#   Decrease number of Java threads
#   Decrease Java thread stack sizes (-Xss)
#   Set larger code cache with -XX:ReservedCodeCacheSize=
#   JVM is running with Zero Based Compressed Oops mode in which the Java heap is
#     placed in the first 32GB address space. The Java Heap base address is the
#     maximum limit for the native heap growth. Please use -XX:HeapBaseMinAddress
#     to set the Java Heap base and to place the Java Heap above 32GB virtual address.
# This output file may be truncated or incomplete.
#
#  Out of Memory Error (arena.cpp:189), pid=1592, tid=4876
#
# JRE version: Java(TM) SE Runtime Environment (17.0.10+11) (build 17.0.10+11-LTS-240)
# Java VM: Java HotSpot(TM) 64-Bit Server VM (17.0.10+11-LTS-240, mixed mode, sharing, tiered, compressed oops, compressed class ptrs, g1 gc, windows-amd64)
# No core dump will be written. Minidumps are not enabled by default on client versions of Windows
#

---------------  S U M M A R Y ------------

Command Line: -javaagent:C:\Program Files\JetBrains\IntelliJ IDEA Community Edition 2023.3.4\lib\idea_rt.jar=51632:C:\Program Files\JetBrains\IntelliJ IDEA Community Edition 2023.3.4\bin -Dfile.encoding=UTF-8 com.newbiebe.chatty.ChattyApplication

Host: Intel(R) Core(TM) i7-9750H CPU @ 2.60GHz, 12 cores, 15G,  Windows 11 , 64 bit Build 22621 (10.0.22621.3085)
Time: Wed Feb 21 08:50:59 2024 SE Asia Standard Time elapsed time: 2.222164 seconds (0d 0h 0m 2s)

---------------  T H R E A D  ---------------

Current thread (0x00000259f1004c00):  JavaThread "C2 CompilerThread0" daemon [_thread_in_native, id=4876, stack(0x0000009018900000,0x0000009018a00000)]


Current CompileTask:
C2:   2222 1637       4       jdk.internal.org.objectweb.asm.Frame::execute (2305 bytes)

Stack: [0x0000009018900000,0x0000009018a00000]
Native frames: (J=compiled Java code, j=interpreted, Vv=VM code, C=native code)
V  [jvm.dll+0x677a5a]
V  [jvm.dll+0x7d8b2d]
V  [jvm.dll+0x7da48e]
V  [jvm.dll+0x7daaf3]
V  [jvm.dll+0x2455ff]
V  [jvm.dll+0xaaafb]
V  [jvm.dll+0xab09c]
V  [jvm.dll+0x2aafef]
V  [jvm.dll+0x57fd55]
V  [jvm.dll+0x220472]
V  [jvm.dll+0x22084f]
V  [jvm.dll+0x2197a6]
V  [jvm.dll+0x216c79]
V  [jvm.dll+0x1a3410]
V  [jvm.dll+0x226aeb]
V  [jvm.dll+0x224cab]
V  [jvm.dll+0x78e45c]
V  [jvm.dll+0x78888a]
V  [jvm.dll+0x676935]
C  [ucrtbase.dll+0x29363]
C  [KERNEL32.DLL+0x1257d]
C  [ntdll.dll+0x5aa58]


---------------  P R O C E S S  ---------------

Threads class SMR info:
_java_thread_list=0x00000259f1cff350, length=15, elements={
0x00000259c9adaae0, 0x00000259ecc1a4e0, 0x00000259ecc1b360, 0x00000259ecc2dd50,
0x00000259ecc2e910, 0x00000259f1003590, 0x00000259f1003e60, 0x00000259f1004c00,
0x00000259f1010bc0, 0x00000259f10245a0, 0x00000259f10bd560, 0x00000259f13fe330,
0x00000259f13fe810, 0x00000259f158b640, 0x00000259f1b63330
}

Java Threads: ( => current thread )
  0x00000259c9adaae0 JavaThread "main" [_thread_in_vm, id=4368, stack(0x0000009017c00000,0x0000009017d00000)]
  0x00000259ecc1a4e0 JavaThread "Reference Handler" daemon [_thread_blocked, id=25120, stack(0x0000009018300000,0x0000009018400000)]
  0x00000259ecc1b360 JavaThread "Finalizer" daemon [_thread_blocked, id=24036, stack(0x0000009018400000,0x0000009018500000)]
  0x00000259ecc2dd50 JavaThread "Signal Dispatcher" daemon [_thread_blocked, id=14144, stack(0x0000009018500000,0x0000009018600000)]
  0x00000259ecc2e910 JavaThread "Attach Listener" daemon [_thread_blocked, id=24212, stack(0x0000009018600000,0x0000009018700000)]
  0x00000259f1003590 JavaThread "Service Thread" daemon [_thread_blocked, id=22480, stack(0x0000009018700000,0x0000009018800000)]
  0x00000259f1003e60 JavaThread "Monitor Deflation Thread" daemon [_thread_blocked, id=6744, stack(0x0000009018800000,0x0000009018900000)]
=>0x00000259f1004c00 JavaThread "C2 CompilerThread0" daemon [_thread_in_native, id=4876, stack(0x0000009018900000,0x0000009018a00000)]
  0x00000259f1010bc0 JavaThread "C1 CompilerThread0" daemon [_thread_in_native, id=12100, stack(0x0000009018a00000,0x0000009018b00000)]
  0x00000259f10245a0 JavaThread "Sweeper thread" daemon [_thread_blocked, id=18952, stack(0x0000009018b00000,0x0000009018c00000)]
  0x00000259f10bd560 JavaThread "Common-Cleaner" daemon [_thread_blocked, id=1752, stack(0x0000009018c00000,0x0000009018d00000)]
  0x00000259f13fe330 JavaThread "Monitor Ctrl-Break" daemon [_thread_in_native, id=23860, stack(0x0000009018d00000,0x0000009018e00000)]
  0x00000259f13fe810 JavaThread "Notification Thread" daemon [_thread_blocked, id=24256, stack(0x0000009018e00000,0x0000009018f00000)]
  0x00000259f158b640 JavaThread "C2 CompilerThread1" daemon [_thread_in_vm, id=10060, stack(0x0000009019000000,0x0000009019100000)]
  0x00000259f1b63330 JavaThread "background-preinit" [_thread_in_Java, id=21148, stack(0x0000009019600000,0x0000009019700000)]

Other Threads:
  0x00000259ecc168e0 VMThread "VM Thread" [stack: 0x0000009018200000,0x0000009018300000] [id=21844]
  0x00000259f13fecf0 WatcherThread [stack: 0x0000009018f00000,0x0000009019000000] [id=20516]
  0x00000259c9b48d20 GCTaskThread "GC Thread#0" [stack: 0x0000009017d00000,0x0000009017e00000] [id=24112]
  0x00000259f1a489f0 GCTaskThread "GC Thread#1" [stack: 0x0000009019100000,0x0000009019200000] [id=23908]
  0x00000259f1a48cb0 GCTaskThread "GC Thread#2" [stack: 0x0000009019200000,0x0000009019300000] [id=8488]
  0x00000259f1a48f70 GCTaskThread "GC Thread#3" [stack: 0x0000009019300000,0x0000009019400000] [id=19532]
  0x00000259f1a49230 GCTaskThread "GC Thread#4" [stack: 0x0000009019400000,0x0000009019500000] [id=10352]
  0x00000259f1a44b00 GCTaskThread "GC Thread#5" [stack: 0x0000009019500000,0x0000009019600000] [id=21000]
  0x00000259f22e6d10 GCTaskThread "GC Thread#6" [stack: 0x0000009019700000,0x0000009019800000] [id=25324]
  0x00000259f1cbd670 GCTaskThread "GC Thread#7" [stack: 0x0000009019800000,0x0000009019900000] [id=5720]
  0x00000259f204bbb0 GCTaskThread "GC Thread#8" [stack: 0x0000009019900000,0x0000009019a00000] [id=25900]
  0x00000259f1fe3a10 GCTaskThread "GC Thread#9" [stack: 0x0000009019a00000,0x0000009019b00000] [id=5164]
  0x00000259c9b59a30 ConcurrentGCThread "G1 Main Marker" [stack: 0x0000009017e00000,0x0000009017f00000] [id=22960]
  0x00000259c9b5b450 ConcurrentGCThread "G1 Conc#0" [stack: 0x0000009017f00000,0x0000009018000000] [id=24888]
  0x00000259ecacc8d0 ConcurrentGCThread "G1 Refine#0" [stack: 0x0000009018000000,0x0000009018100000] [id=23992]
  0x00000259ecacd110 ConcurrentGCThread "G1 Service" [stack: 0x0000009018100000,0x0000009018200000] [id=19560]

Threads with active compile tasks:
C2 CompilerThread0     2272 1637       4       jdk.internal.org.objectweb.asm.Frame::execute (2305 bytes)
C1 CompilerThread0     2272 1818       3       java.util.zip.ZipEntry::setExtra0 (493 bytes)
C2 CompilerThread1     2272 1767   !   4       java.net.URL::<init> (543 bytes)

VM state: not at safepoint (normal execution)

VM Mutex/Monitor currently owned by a thread: None

Heap address: 0x0000000702400000, size: 4060 MB, Compressed Oops mode: Zero based, Oop shift amount: 3

CDS archive(s) mapped at: [0x0000025980000000-0x0000025980bd0000-0x0000025980bd0000), size 12386304, SharedBaseAddress: 0x0000025980000000, ArchiveRelocationMode: 1.
Compressed class space mapped at: 0x0000025981000000-0x00000259c1000000, reserved size: 1073741824
Narrow klass base: 0x0000025980000000, Narrow klass shift: 0, Narrow klass range: 0x100000000

GC Precious Log:
 CPUs: 12 total, 12 available
 Memory: 16233M
 Large Page Support: Disabled
 NUMA Support: Disabled
 Compressed Oops: Enabled (Zero based)
 Heap Region Size: 2M
 Heap Min Capacity: 8M
 Heap Initial Capacity: 254M
 Heap Max Capacity: 4060M
 Pre-touch: Disabled
 Parallel Workers: 10
 Concurrent Workers: 3
 Concurrent Refinement Workers: 10
 Periodic GC: Disabled

Heap:
 garbage-first heap   total 260096K, used 19113K [0x0000000702400000, 0x0000000800000000)
  region size 2048K, 8 young (16384K), 2 survivors (4096K)
 Metaspace       used 15082K, committed 15296K, reserved 1114112K
  class space    used 1845K, committed 1984K, reserved 1048576K

Heap Regions: E=young(eden), S=young(survivor), O=old, HS=humongous(starts), HC=humongous(continues), CS=collection set, F=free, OA=open archive, CA=closed archive, TAMS=top-at-mark-start (previous, next)
|   0|0x0000000702400000, 0x0000000702600000, 0x0000000702600000|100%| O|  |TAMS 0x0000000702400000, 0x0000000702400000| Untracked 
|   1|0x0000000702600000, 0x0000000702800000, 0x0000000702800000|100%| O|  |TAMS 0x0000000702600000, 0x0000000702600000| Untracked 
|   2|0x0000000702800000, 0x0000000702a00000, 0x0000000702a00000|100%| O|  |TAMS 0x0000000702800000, 0x0000000702800000| Untracked 
|   3|0x0000000702a00000, 0x0000000702a3e800, 0x0000000702c00000| 12%| O|  |TAMS 0x0000000702a00000, 0x0000000702a00000| Untracked 
|   4|0x0000000702c00000, 0x0000000702c00000, 0x0000000702e00000|  0%| F|  |TAMS 0x0000000702c00000, 0x0000000702c00000| Untracked 
|   5|0x0000000702e00000, 0x0000000702e00000, 0x0000000703000000|  0%| F|  |TAMS 0x0000000702e00000, 0x0000000702e00000| Untracked 
|   6|0x0000000703000000, 0x0000000703000000, 0x0000000703200000|  0%| F|  |TAMS 0x0000000703000000, 0x0000000703000000| Untracked 
|   7|0x0000000703200000, 0x0000000703200000, 0x0000000703400000|  0%| F|  |TAMS 0x0000000703200000, 0x0000000703200000| Untracked 
|   8|0x0000000703400000, 0x0000000703400000, 0x0000000703600000|  0%| F|  |TAMS 0x0000000703400000, 0x0000000703400000| Untracked 
|   9|0x0000000703600000, 0x0000000703600000, 0x0000000703800000|  0%| F|  |TAMS 0x0000000703600000, 0x0000000703600000| Untracked 
|  10|0x0000000703800000, 0x0000000703800000, 0x0000000703a00000|  0%| F|  |TAMS 0x0000000703800000, 0x0000000703800000| Untracked 
|  11|0x0000000703a00000, 0x0000000703a00000, 0x0000000703c00000|  0%| F|  |TAMS 0x0000000703a00000, 0x0000000703a00000| Untracked 
|  12|0x0000000703c00000, 0x0000000703c00000, 0x0000000703e00000|  0%| F|  |TAMS 0x0000000703c00000, 0x0000000703c00000| Untracked 
|  13|0x0000000703e00000, 0x0000000703e00000, 0x0000000704000000|  0%| F|  |TAMS 0x0000000703e00000, 0x0000000703e00000| Untracked 
|  14|0x0000000704000000, 0x0000000704000000, 0x0000000704200000|  0%| F|  |TAMS 0x0000000704000000, 0x0000000704000000| Untracked 
|  15|0x0000000704200000, 0x0000000704200000, 0x0000000704400000|  0%| F|  |TAMS 0x0000000704200000, 0x0000000704200000| Untracked 
|  16|0x0000000704400000, 0x0000000704400000, 0x0000000704600000|  0%| F|  |TAMS 0x0000000704400000, 0x0000000704400000| Untracked 
|  17|0x0000000704600000, 0x0000000704600000, 0x0000000704800000|  0%| F|  |TAMS 0x0000000704600000, 0x0000000704600000| Untracked 
|  18|0x0000000704800000, 0x0000000704800000, 0x0000000704a00000|  0%| F|  |TAMS 0x0000000704800000, 0x0000000704800000| Untracked 
|  19|0x0000000704a00000, 0x0000000704a00000, 0x0000000704c00000|  0%| F|  |TAMS 0x0000000704a00000, 0x0000000704a00000| Untracked 
|  20|0x0000000704c00000, 0x0000000704c00000, 0x0000000704e00000|  0%| F|  |TAMS 0x0000000704c00000, 0x0000000704c00000| Untracked 
|  21|0x0000000704e00000, 0x0000000704e00000, 0x0000000705000000|  0%| F|  |TAMS 0x0000000704e00000, 0x0000000704e00000| Untracked 
|  22|0x0000000705000000, 0x0000000705000000, 0x0000000705200000|  0%| F|  |TAMS 0x0000000705000000, 0x0000000705000000| Untracked 
|  23|0x0000000705200000, 0x0000000705200000, 0x0000000705400000|  0%| F|  |TAMS 0x0000000705200000, 0x0000000705200000| Untracked 
|  24|0x0000000705400000, 0x0000000705400000, 0x0000000705600000|  0%| F|  |TAMS 0x0000000705400000, 0x0000000705400000| Untracked 
|  25|0x0000000705600000, 0x0000000705600000, 0x0000000705800000|  0%| F|  |TAMS 0x0000000705600000, 0x0000000705600000| Untracked 
|  26|0x0000000705800000, 0x0000000705800000, 0x0000000705a00000|  0%| F|  |TAMS 0x0000000705800000, 0x0000000705800000| Untracked 
|  27|0x0000000705a00000, 0x0000000705a00000, 0x0000000705c00000|  0%| F|  |TAMS 0x0000000705a00000, 0x0000000705a00000| Untracked 
|  28|0x0000000705c00000, 0x0000000705c00000, 0x0000000705e00000|  0%| F|  |TAMS 0x0000000705c00000, 0x0000000705c00000| Untracked 
|  29|0x0000000705e00000, 0x0000000705e00000, 0x0000000706000000|  0%| F|  |TAMS 0x0000000705e00000, 0x0000000705e00000| Untracked 
|  30|0x0000000706000000, 0x0000000706000000, 0x0000000706200000|  0%| F|  |TAMS 0x0000000706000000, 0x0000000706000000| Untracked 
|  31|0x0000000706200000, 0x0000000706200000, 0x0000000706400000|  0%| F|  |TAMS 0x0000000706200000, 0x0000000706200000| Untracked 
|  32|0x0000000706400000, 0x0000000706400000, 0x0000000706600000|  0%| F|  |TAMS 0x0000000706400000, 0x0000000706400000| Untracked 
|  33|0x0000000706600000, 0x0000000706600000, 0x0000000706800000|  0%| F|  |TAMS 0x0000000706600000, 0x0000000706600000| Untracked 
|  34|0x0000000706800000, 0x0000000706800000, 0x0000000706a00000|  0%| F|  |TAMS 0x0000000706800000, 0x0000000706800000| Untracked 
|  35|0x0000000706a00000, 0x0000000706a00000, 0x0000000706c00000|  0%| F|  |TAMS 0x0000000706a00000, 0x0000000706a00000| Untracked 
|  36|0x0000000706c00000, 0x0000000706c00000, 0x0000000706e00000|  0%| F|  |TAMS 0x0000000706c00000, 0x0000000706c00000| Untracked 
|  37|0x0000000706e00000, 0x0000000706e00000, 0x0000000707000000|  0%| F|  |TAMS 0x0000000706e00000, 0x0000000706e00000| Untracked 
|  38|0x0000000707000000, 0x0000000707000000, 0x0000000707200000|  0%| F|  |TAMS 0x0000000707000000, 0x0000000707000000| Untracked 
|  39|0x0000000707200000, 0x0000000707200000, 0x0000000707400000|  0%| F|  |TAMS 0x0000000707200000, 0x0000000707200000| Untracked 
|  40|0x0000000707400000, 0x0000000707400000, 0x0000000707600000|  0%| F|  |TAMS 0x0000000707400000, 0x0000000707400000| Untracked 
|  41|0x0000000707600000, 0x0000000707600000, 0x0000000707800000|  0%| F|  |TAMS 0x0000000707600000, 0x0000000707600000| Untracked 
|  42|0x0000000707800000, 0x0000000707800000, 0x0000000707a00000|  0%| F|  |TAMS 0x0000000707800000, 0x0000000707800000| Untracked 
|  43|0x0000000707a00000, 0x0000000707a00000, 0x0000000707c00000|  0%| F|  |TAMS 0x0000000707a00000, 0x0000000707a00000| Untracked 
|  44|0x0000000707c00000, 0x0000000707c00000, 0x0000000707e00000|  0%| F|  |TAMS 0x0000000707c00000, 0x0000000707c00000| Untracked 
|  45|0x0000000707e00000, 0x0000000707e00000, 0x0000000708000000|  0%| F|  |TAMS 0x0000000707e00000, 0x0000000707e00000| Untracked 
|  46|0x0000000708000000, 0x0000000708000000, 0x0000000708200000|  0%| F|  |TAMS 0x0000000708000000, 0x0000000708000000| Untracked 
|  47|0x0000000708200000, 0x0000000708200000, 0x0000000708400000|  0%| F|  |TAMS 0x0000000708200000, 0x0000000708200000| Untracked 
|  48|0x0000000708400000, 0x0000000708400000, 0x0000000708600000|  0%| F|  |TAMS 0x0000000708400000, 0x0000000708400000| Untracked 
|  49|0x0000000708600000, 0x0000000708600000, 0x0000000708800000|  0%| F|  |TAMS 0x0000000708600000, 0x0000000708600000| Untracked 
|  50|0x0000000708800000, 0x0000000708800000, 0x0000000708a00000|  0%| F|  |TAMS 0x0000000708800000, 0x0000000708800000| Untracked 
|  51|0x0000000708a00000, 0x0000000708a00000, 0x0000000708c00000|  0%| F|  |TAMS 0x0000000708a00000, 0x0000000708a00000| Untracked 
|  52|0x0000000708c00000, 0x0000000708c00000, 0x0000000708e00000|  0%| F|  |TAMS 0x0000000708c00000, 0x0000000708c00000| Untracked 
|  53|0x0000000708e00000, 0x0000000708e00000, 0x0000000709000000|  0%| F|  |TAMS 0x0000000708e00000, 0x0000000708e00000| Untracked 
|  54|0x0000000709000000, 0x0000000709000000, 0x0000000709200000|  0%| F|  |TAMS 0x0000000709000000, 0x0000000709000000| Untracked 
|  55|0x0000000709200000, 0x0000000709200000, 0x0000000709400000|  0%| F|  |TAMS 0x0000000709200000, 0x0000000709200000| Untracked 
|  56|0x0000000709400000, 0x0000000709400000, 0x0000000709600000|  0%| F|  |TAMS 0x0000000709400000, 0x0000000709400000| Untracked 
|  57|0x0000000709600000, 0x0000000709600000, 0x0000000709800000|  0%| F|  |TAMS 0x0000000709600000, 0x0000000709600000| Untracked 
|  58|0x0000000709800000, 0x0000000709800000, 0x0000000709a00000|  0%| F|  |TAMS 0x0000000709800000, 0x0000000709800000| Untracked 
|  59|0x0000000709a00000, 0x0000000709a00000, 0x0000000709c00000|  0%| F|  |TAMS 0x0000000709a00000, 0x0000000709a00000| Untracked 
|  60|0x0000000709c00000, 0x0000000709c00000, 0x0000000709e00000|  0%| F|  |TAMS 0x0000000709c00000, 0x0000000709c00000| Untracked 
|  61|0x0000000709e00000, 0x0000000709e00000, 0x000000070a000000|  0%| F|  |TAMS 0x0000000709e00000, 0x0000000709e00000| Untracked 
|  62|0x000000070a000000, 0x000000070a000000, 0x000000070a200000|  0%| F|  |TAMS 0x000000070a000000, 0x000000070a000000| Untracked 
|  63|0x000000070a200000, 0x000000070a200000, 0x000000070a400000|  0%| F|  |TAMS 0x000000070a200000, 0x000000070a200000| Untracked 
|  64|0x000000070a400000, 0x000000070a400000, 0x000000070a600000|  0%| F|  |TAMS 0x000000070a400000, 0x000000070a400000| Untracked 
|  65|0x000000070a600000, 0x000000070a600000, 0x000000070a800000|  0%| F|  |TAMS 0x000000070a600000, 0x000000070a600000| Untracked 
|  66|0x000000070a800000, 0x000000070a800000, 0x000000070aa00000|  0%| F|  |TAMS 0x000000070a800000, 0x000000070a800000| Untracked 
|  67|0x000000070aa00000, 0x000000070aa00000, 0x000000070ac00000|  0%| F|  |TAMS 0x000000070aa00000, 0x000000070aa00000| Untracked 
|  68|0x000000070ac00000, 0x000000070ac00000, 0x000000070ae00000|  0%| F|  |TAMS 0x000000070ac00000, 0x000000070ac00000| Untracked 
|  69|0x000000070ae00000, 0x000000070ae00000, 0x000000070b000000|  0%| F|  |TAMS 0x000000070ae00000, 0x000000070ae00000| Untracked 
|  70|0x000000070b000000, 0x000000070b000000, 0x000000070b200000|  0%| F|  |TAMS 0x000000070b000000, 0x000000070b000000| Untracked 
|  71|0x000000070b200000, 0x000000070b200000, 0x000000070b400000|  0%| F|  |TAMS 0x000000070b200000, 0x000000070b200000| Untracked 
|  72|0x000000070b400000, 0x000000070b400000, 0x000000070b600000|  0%| F|  |TAMS 0x000000070b400000, 0x000000070b400000| Untracked 
|  73|0x000000070b600000, 0x000000070b600000, 0x000000070b800000|  0%| F|  |TAMS 0x000000070b600000, 0x000000070b600000| Untracked 
|  74|0x000000070b800000, 0x000000070b800000, 0x000000070ba00000|  0%| F|  |TAMS 0x000000070b800000, 0x000000070b800000| Untracked 
|  75|0x000000070ba00000, 0x000000070ba00000, 0x000000070bc00000|  0%| F|  |TAMS 0x000000070ba00000, 0x000000070ba00000| Untracked 
|  76|0x000000070bc00000, 0x000000070bc00000, 0x000000070be00000|  0%| F|  |TAMS 0x000000070bc00000, 0x000000070bc00000| Untracked 
|  77|0x000000070be00000, 0x000000070be00000, 0x000000070c000000|  0%| F|  |TAMS 0x000000070be00000, 0x000000070be00000| Untracked 
|  78|0x000000070c000000, 0x000000070c000000, 0x000000070c200000|  0%| F|  |TAMS 0x000000070c000000, 0x000000070c000000| Untracked 
|  79|0x000000070c200000, 0x000000070c200000, 0x000000070c400000|  0%| F|  |TAMS 0x000000070c200000, 0x000000070c200000| Untracked 
|  80|0x000000070c400000, 0x000000070c400000, 0x000000070c600000|  0%| F|  |TAMS 0x000000070c400000, 0x000000070c400000| Untracked 
|  81|0x000000070c600000, 0x000000070c600000, 0x000000070c800000|  0%| F|  |TAMS 0x000000070c600000, 0x000000070c600000| Untracked 
|  82|0x000000070c800000, 0x000000070c800000, 0x000000070ca00000|  0%| F|  |TAMS 0x000000070c800000, 0x000000070c800000| Untracked 
|  83|0x000000070ca00000, 0x000000070ca00000, 0x000000070cc00000|  0%| F|  |TAMS 0x000000070ca00000, 0x000000070ca00000| Untracked 
|  84|0x000000070cc00000, 0x000000070cc00000, 0x000000070ce00000|  0%| F|  |TAMS 0x000000070cc00000, 0x000000070cc00000| Untracked 
|  85|0x000000070ce00000, 0x000000070ce00000, 0x000000070d000000|  0%| F|  |TAMS 0x000000070ce00000, 0x000000070ce00000| Untracked 
|  86|0x000000070d000000, 0x000000070d000000, 0x000000070d200000|  0%| F|  |TAMS 0x000000070d000000, 0x000000070d000000| Untracked 
|  87|0x000000070d200000, 0x000000070d200000, 0x000000070d400000|  0%| F|  |TAMS 0x000000070d200000, 0x000000070d200000| Untracked 
|  88|0x000000070d400000, 0x000000070d400000, 0x000000070d600000|  0%| F|  |TAMS 0x000000070d400000, 0x000000070d400000| Untracked 
|  89|0x000000070d600000, 0x000000070d600000, 0x000000070d800000|  0%| F|  |TAMS 0x000000070d600000, 0x000000070d600000| Untracked 
|  90|0x000000070d800000, 0x000000070d800000, 0x000000070da00000|  0%| F|  |TAMS 0x000000070d800000, 0x000000070d800000| Untracked 
|  91|0x000000070da00000, 0x000000070da00000, 0x000000070dc00000|  0%| F|  |TAMS 0x000000070da00000, 0x000000070da00000| Untracked 
|  92|0x000000070dc00000, 0x000000070dc00000, 0x000000070de00000|  0%| F|  |TAMS 0x000000070dc00000, 0x000000070dc00000| Untracked 
|  93|0x000000070de00000, 0x000000070de00000, 0x000000070e000000|  0%| F|  |TAMS 0x000000070de00000, 0x000000070de00000| Untracked 
|  94|0x000000070e000000, 0x000000070e000000, 0x000000070e200000|  0%| F|  |TAMS 0x000000070e000000, 0x000000070e000000| Untracked 
|  95|0x000000070e200000, 0x000000070e200000, 0x000000070e400000|  0%| F|  |TAMS 0x000000070e200000, 0x000000070e200000| Untracked 
|  96|0x000000070e400000, 0x000000070e400000, 0x000000070e600000|  0%| F|  |TAMS 0x000000070e400000, 0x000000070e400000| Untracked 
|  97|0x000000070e600000, 0x000000070e600000, 0x000000070e800000|  0%| F|  |TAMS 0x000000070e600000, 0x000000070e600000| Untracked 
|  98|0x000000070e800000, 0x000000070e800000, 0x000000070ea00000|  0%| F|  |TAMS 0x000000070e800000, 0x000000070e800000| Untracked 
|  99|0x000000070ea00000, 0x000000070ea00000, 0x000000070ec00000|  0%| F|  |TAMS 0x000000070ea00000, 0x000000070ea00000| Untracked 
| 100|0x000000070ec00000, 0x000000070ec00000, 0x000000070ee00000|  0%| F|  |TAMS 0x000000070ec00000, 0x000000070ec00000| Untracked 
| 101|0x000000070ee00000, 0x000000070ee00000, 0x000000070f000000|  0%| F|  |TAMS 0x000000070ee00000, 0x000000070ee00000| Untracked 
| 102|0x000000070f000000, 0x000000070f000000, 0x000000070f200000|  0%| F|  |TAMS 0x000000070f000000, 0x000000070f000000| Untracked 
| 103|0x000000070f200000, 0x000000070f200000, 0x000000070f400000|  0%| F|  |TAMS 0x000000070f200000, 0x000000070f200000| Untracked 
| 104|0x000000070f400000, 0x000000070f400000, 0x000000070f600000|  0%| F|  |TAMS 0x000000070f400000, 0x000000070f400000| Untracked 
| 105|0x000000070f600000, 0x000000070f600000, 0x000000070f800000|  0%| F|  |TAMS 0x000000070f600000, 0x000000070f600000| Untracked 
| 106|0x000000070f800000, 0x000000070f800000, 0x000000070fa00000|  0%| F|  |TAMS 0x000000070f800000, 0x000000070f800000| Untracked 
| 107|0x000000070fa00000, 0x000000070fa00000, 0x000000070fc00000|  0%| F|  |TAMS 0x000000070fa00000, 0x000000070fa00000| Untracked 
| 108|0x000000070fc00000, 0x000000070fc00000, 0x000000070fe00000|  0%| F|  |TAMS 0x000000070fc00000, 0x000000070fc00000| Untracked 
| 109|0x000000070fe00000, 0x000000070fe00000, 0x0000000710000000|  0%| F|  |TAMS 0x000000070fe00000, 0x000000070fe00000| Untracked 
| 110|0x0000000710000000, 0x000000071006be88, 0x0000000710200000| 21%| S|CS|TAMS 0x0000000710000000, 0x0000000710000000| Complete 
| 111|0x0000000710200000, 0x0000000710400000, 0x0000000710400000|100%| S|CS|TAMS 0x0000000710200000, 0x0000000710200000| Complete 
| 112|0x0000000710400000, 0x0000000710400000, 0x0000000710600000|  0%| F|  |TAMS 0x0000000710400000, 0x0000000710400000| Untracked 
| 113|0x0000000710600000, 0x0000000710600000, 0x0000000710800000|  0%| F|  |TAMS 0x0000000710600000, 0x0000000710600000| Untracked 
| 114|0x0000000710800000, 0x0000000710800000, 0x0000000710a00000|  0%| F|  |TAMS 0x0000000710800000, 0x0000000710800000| Untracked 
| 115|0x0000000710a00000, 0x0000000710a00000, 0x0000000710c00000|  0%| F|  |TAMS 0x0000000710a00000, 0x0000000710a00000| Untracked 
| 116|0x0000000710c00000, 0x0000000710c00000, 0x0000000710e00000|  0%| F|  |TAMS 0x0000000710c00000, 0x0000000710c00000| Untracked 
| 117|0x0000000710e00000, 0x0000000710e00000, 0x0000000711000000|  0%| F|  |TAMS 0x0000000710e00000, 0x0000000710e00000| Untracked 
| 118|0x0000000711000000, 0x0000000711000000, 0x0000000711200000|  0%| F|  |TAMS 0x0000000711000000, 0x0000000711000000| Untracked 
| 119|0x0000000711200000, 0x0000000711200000, 0x0000000711400000|  0%| F|  |TAMS 0x0000000711200000, 0x0000000711200000| Untracked 
| 120|0x0000000711400000, 0x0000000711400000, 0x0000000711600000|  0%| F|  |TAMS 0x0000000711400000, 0x0000000711400000| Untracked 
| 121|0x0000000711600000, 0x00000007116cdf68, 0x0000000711800000| 40%| E|  |TAMS 0x0000000711600000, 0x0000000711600000| Complete 
| 122|0x0000000711800000, 0x0000000711a00000, 0x0000000711a00000|100%| E|CS|TAMS 0x0000000711800000, 0x0000000711800000| Complete 
| 123|0x0000000711a00000, 0x0000000711c00000, 0x0000000711c00000|100%| E|CS|TAMS 0x0000000711a00000, 0x0000000711a00000| Complete 
| 124|0x0000000711c00000, 0x0000000711e00000, 0x0000000711e00000|100%| E|CS|TAMS 0x0000000711c00000, 0x0000000711c00000| Complete 
| 125|0x0000000711e00000, 0x0000000712000000, 0x0000000712000000|100%| E|CS|TAMS 0x0000000711e00000, 0x0000000711e00000| Complete 
| 126|0x0000000712000000, 0x0000000712200000, 0x0000000712200000|100%| E|CS|TAMS 0x0000000712000000, 0x0000000712000000| Complete 

Card table byte_map: [0x00000259e10d0000,0x00000259e18c0000] _byte_map_base: 0x00000259dd8be000

Marking Bits (Prev, Next): (CMBitMap*) 0x00000259c9b49340, (CMBitMap*) 0x00000259c9b49380
 Prev Bits: [0x00000259e20b0000, 0x00000259e6020000)
 Next Bits: [0x00000259e6020000, 0x00000259e9f90000)

Polling page: 0x00000259c92a0000

Metaspace:

Usage:
  Non-class:     12.99 MB used.
      Class:      1.81 MB used.
       Both:     14.80 MB used.

Virtual space:
  Non-class space:       64.00 MB reserved,      13.12 MB ( 21%) committed,  1 nodes.
      Class space:        1.00 GB reserved,       1.94 MB ( <1%) committed,  1 nodes.
             Both:        1.06 GB reserved,      15.06 MB (  1%) committed. 

Chunk freelists:
   Non-Class:  2.88 MB
       Class:  14.04 MB
        Both:  16.92 MB

MaxMetaspaceSize: unlimited
CompressedClassSpaceSize: 1.00 GB
Initial GC threshold: 21.00 MB
Current GC threshold: 21.00 MB
CDS: on
MetaspaceReclaimPolicy: balanced
 - commit_granule_bytes: 65536.
 - commit_granule_words: 8192.
 - virtual_space_node_default_size: 8388608.
 - enlarge_chunks_in_place: 1.
 - new_chunks_are_fully_committed: 0.
 - uncommit_free_chunks: 1.
 - use_allocation_guard: 0.
 - handle_deallocations: 1.


Internal statistics:

num_allocs_failed_limit: 0.
num_arena_births: 196.
num_arena_deaths: 0.
num_vsnodes_births: 2.
num_vsnodes_deaths: 0.
num_space_committed: 241.
num_space_uncommitted: 0.
num_chunks_returned_to_freelist: 0.
num_chunks_taken_from_freelist: 661.
num_chunk_merges: 0.
num_chunk_splits: 467.
num_chunks_enlarged: 379.
num_inconsistent_stats: 0.

CodeHeap 'non-profiled nmethods': size=120000Kb used=656Kb max_used=656Kb free=119343Kb
 bounds [0x00000259d8e50000, 0x00000259d90c0000, 0x00000259e0380000]
CodeHeap 'profiled nmethods': size=120000Kb used=3344Kb max_used=3344Kb free=116655Kb
 bounds [0x00000259d1380000, 0x00000259d16d0000, 0x00000259d88b0000]
CodeHeap 'non-nmethods': size=5760Kb used=1192Kb max_used=1215Kb free=4567Kb
 bounds [0x00000259d88b0000, 0x00000259d8b20000, 0x00000259d8e50000]
 total_blobs=2302 nmethods=1811 adapters=403
 compilation: enabled
              stopped_count=0, restarted_count=0
 full_count=0

Compilation events (20 events):
Event: 2.207 Thread 0x00000259f1010bc0 nmethod 1753 0x00000259d169cd90 code [0x00000259d169cf20, 0x00000259d169d068]
Event: 2.213 Thread 0x00000259f1010bc0 1754       3       jdk.internal.reflect.ReflectionFactory::copyConstructor (11 bytes)
Event: 2.213 Thread 0x00000259f1010bc0 nmethod 1754 0x00000259d169d110 code [0x00000259d169d2c0, 0x00000259d169d4c8]
Event: 2.213 Thread 0x00000259f1010bc0 1755       3       java.lang.reflect.ReflectAccess::copyConstructor (5 bytes)
Event: 2.213 Thread 0x00000259f1010bc0 nmethod 1755 0x00000259d169d610 code [0x00000259d169d7c0, 0x00000259d169d908]
Event: 2.213 Thread 0x00000259f1010bc0 1756   !   3       jdk.internal.reflect.ReflectionFactory::checkInitted (100 bytes)
Event: 2.215 Thread 0x00000259f1010bc0 nmethod 1756 0x00000259d169da10 code [0x00000259d169dd20, 0x00000259d169ed68]
Event: 2.216 Thread 0x00000259f1010bc0 1758       3       java.lang.invoke.LambdaFormEditor::getInCache (165 bytes)
Event: 2.217 Thread 0x00000259f1010bc0 nmethod 1758 0x00000259d169f210 code [0x00000259d169f480, 0x00000259d16a0398]
Event: 2.217 Thread 0x00000259f1010bc0 1760       3       java.lang.Class::isAnnotation (17 bytes)
Event: 2.217 Thread 0x00000259f1010bc0 nmethod 1760 0x00000259d16a0710 code [0x00000259d16a08a0, 0x00000259d16a0a38]
Event: 2.217 Thread 0x00000259f1010bc0 1759       3       jdk.internal.loader.AbstractClassLoaderValue$Sub::equals (55 bytes)
Event: 2.218 Thread 0x00000259f1010bc0 nmethod 1759 0x00000259d16a0b10 code [0x00000259d16a0d00, 0x00000259d16a1478]
Event: 2.219 Thread 0x00000259f1010bc0 1761       3       jdk.internal.loader.AbstractClassLoaderValue::map (20 bytes)
Event: 2.219 Thread 0x00000259f1010bc0 nmethod 1761 0x00000259d16a1610 code [0x00000259d16a17c0, 0x00000259d16a1aa8]
Event: 2.219 Thread 0x00000259f1010bc0 1762       3       jdk.internal.loader.AbstractClassLoaderValue$Sub::hashCode (19 bytes)
Event: 2.219 Thread 0x00000259f158b640 1764       4       sun.net.util.IPAddressUtil::checkHostString (53 bytes)
Event: 2.219 Thread 0x00000259f1010bc0 nmethod 1762 0x00000259d16a1c10 code [0x00000259d16a1de0, 0x00000259d16a2158]
Event: 2.219 Thread 0x00000259f1010bc0 1763       3       java.util.stream.StreamOpFlag::fromCharacteristics (37 bytes)
Event: 2.220 Thread 0x00000259f1010bc0 nmethod 1763 0x00000259d16a2290 code [0x00000259d16a2440, 0x00000259d16a2778]

GC Heap History (4 events):
Event: 1.334 GC heap before
{Heap before GC invocations=0 (full 0):
 garbage-first heap   total 260096K, used 20480K [0x0000000702400000, 0x0000000800000000)
  region size 2048K, 11 young (22528K), 0 survivors (0K)
 Metaspace       used 6048K, committed 6272K, reserved 1114112K
  class space    used 709K, committed 832K, reserved 1048576K
}
Event: 1.340 GC heap after
{Heap after GC invocations=1 (full 0):
 garbage-first heap   total 260096K, used 7055K [0x0000000702400000, 0x0000000800000000)
  region size 2048K, 2 young (4096K), 2 survivors (4096K)
 Metaspace       used 6048K, committed 6272K, reserved 1114112K
  class space    used 709K, committed 832K, reserved 1048576K
}
Event: 2.105 GC heap before
{Heap before GC invocations=1 (full 0):
 garbage-first heap   total 260096K, used 33679K [0x0000000702400000, 0x0000000800000000)
  region size 2048K, 15 young (30720K), 2 survivors (4096K)
 Metaspace       used 12732K, committed 12928K, reserved 1114112K
  class space    used 1535K, committed 1600K, reserved 1048576K
}
Event: 2.111 GC heap after
{Heap after GC invocations=2 (full 0):
 garbage-first heap   total 260096K, used 8873K [0x0000000702400000, 0x0000000800000000)
  region size 2048K, 2 young (4096K), 2 survivors (4096K)
 Metaspace       used 12732K, committed 12928K, reserved 1114112K
  class space    used 1535K, committed 1600K, reserved 1048576K
}

Deoptimization events (20 events):
Event: 1.982 Thread 0x00000259f1b63330 Uncommon trap: trap_request=0xffffff45 fr.pc=0x00000259d8e67408 relative=0x0000000000000468
Event: 1.982 Thread 0x00000259f1b63330 Uncommon trap: reason=unstable_if action=reinterpret pc=0x00000259d8e67408 method=java.lang.StringLatin1.canEncode(I)Z @ 4 c2
Event: 1.983 Thread 0x00000259f1b63330 DEOPT PACKING pc=0x00000259d8e67408 sp=0x00000090196fdbb0
Event: 1.983 Thread 0x00000259f1b63330 DEOPT UNPACKING pc=0x00000259d89023a3 sp=0x00000090196fdad8 mode 2
Event: 1.983 Thread 0x00000259f1b63330 Uncommon trap: trap_request=0xffffff45 fr.pc=0x00000259d8e6826c relative=0x000000000000044c
Event: 1.983 Thread 0x00000259f1b63330 Uncommon trap: reason=unstable_if action=reinterpret pc=0x00000259d8e6826c method=java.lang.AbstractStringBuilder.isLatin1()Z @ 10 c2
Event: 1.983 Thread 0x00000259f1b63330 DEOPT PACKING pc=0x00000259d8e6826c sp=0x00000090196fdbd0
Event: 1.983 Thread 0x00000259f1b63330 DEOPT UNPACKING pc=0x00000259d89023a3 sp=0x00000090196fdb50 mode 2
Event: 1.983 Thread 0x00000259f1b63330 Uncommon trap: trap_request=0xffffff45 fr.pc=0x00000259d8eb435c relative=0x000000000000005c
Event: 1.983 Thread 0x00000259f1b63330 Uncommon trap: reason=unstable_if action=reinterpret pc=0x00000259d8eb435c method=java.lang.AbstractStringBuilder.isLatin1()Z @ 10 c2
Event: 1.983 Thread 0x00000259f1b63330 DEOPT PACKING pc=0x00000259d8eb435c sp=0x00000090196fdbb0
Event: 1.983 Thread 0x00000259f1b63330 DEOPT UNPACKING pc=0x00000259d89023a3 sp=0x00000090196fdb40 mode 2
Event: 1.987 Thread 0x00000259f1b63330 Uncommon trap: trap_request=0xffffff45 fr.pc=0x00000259d8ea0248 relative=0x0000000000000048
Event: 1.987 Thread 0x00000259f1b63330 Uncommon trap: reason=unstable_if action=reinterpret pc=0x00000259d8ea0248 method=java.lang.CharacterData.of(I)Ljava/lang/CharacterData; @ 4 c2
Event: 1.987 Thread 0x00000259f1b63330 DEOPT PACKING pc=0x00000259d8ea0248 sp=0x00000090196fd360
Event: 1.987 Thread 0x00000259f1b63330 DEOPT UNPACKING pc=0x00000259d89023a3 sp=0x00000090196fd2f8 mode 2
Event: 2.001 Thread 0x00000259c9adaae0 Uncommon trap: trap_request=0xffffff45 fr.pc=0x00000259d8ebcbb4 relative=0x0000000000000314
Event: 2.001 Thread 0x00000259c9adaae0 Uncommon trap: reason=unstable_if action=reinterpret pc=0x00000259d8ebcbb4 method=jdk.internal.org.objectweb.asm.SymbolTable.put(Ljdk/internal/org/objectweb/asm/SymbolTable$Entry;)Ljdk/internal/org/objectweb/asm/SymbolTable$Entry; @ 13 c2
Event: 2.001 Thread 0x00000259c9adaae0 DEOPT PACKING pc=0x00000259d8ebcbb4 sp=0x0000009017cfd920
Event: 2.001 Thread 0x00000259c9adaae0 DEOPT UNPACKING pc=0x00000259d89023a3 sp=0x0000009017cfd8a0 mode 2

Classes unloaded (0 events):
No events

Classes redefined (0 events):
No events

Internal exceptions (20 events):
Event: 1.411 Thread 0x00000259c9adaae0 Exception <a 'java/lang/NoSuchMethodError'{0x00000007121cec20}: 'java.lang.Object java.lang.invoke.DirectMethodHandle$Holder.newInvokeSpecial(java.lang.Object, java.lang.Object, java.lang.Object, java.lang.Object, java.lang.Object, java.lang.Object, int)'> (0x00000007121cec20) 
thrown [s\open\src\hotspot\share\interpreter\linkResolver.cpp, line 759]
Event: 1.412 Thread 0x00000259c9adaae0 Exception <a 'java/lang/NoSuchMethodError'{0x00000007121d3c60}: 'java.lang.Object java.lang.invoke.DirectMethodHandle$Holder.invokeSpecial(java.lang.Object, java.lang.Object, java.lang.Object, java.lang.Object, java.lang.Object, java.lang.Object, java.lang.Object, int)'> (0x00000007121d3c60) 
thrown [s\open\src\hotspot\share\interpreter\linkResolver.cpp, line 759]
Event: 1.478 Thread 0x00000259c9adaae0 Exception <a 'java/lang/NoSuchMethodError'{0x0000000711f01d50}: 'int java.lang.invoke.DirectMethodHandle$Holder.invokeInterface(java.lang.Object, java.lang.Object)'> (0x0000000711f01d50) 
thrown [s\open\src\hotspot\share\interpreter\linkResolver.cpp, line 759]
Event: 1.508 Thread 0x00000259c9adaae0 Exception <a 'java/lang/NoSuchMethodError'{0x0000000711ff34d8}: 'int java.lang.invoke.DirectMethodHandle$Holder.invokeVirtual(java.lang.Object, java.lang.Object)'> (0x0000000711ff34d8) 
thrown [s\open\src\hotspot\share\interpreter\linkResolver.cpp, line 759]
Event: 1.534 Thread 0x00000259c9adaae0 Exception <a 'java/lang/NoSuchMethodError'{0x0000000711d15168}: 'java.lang.Object java.lang.invoke.DirectMethodHandle$Holder.invokeSpecial(java.lang.Object, java.lang.Object, java.lang.Object, int, java.lang.Object)'> (0x0000000711d15168) 
thrown [s\open\src\hotspot\share\interpreter\linkResolver.cpp, line 759]
Event: 1.535 Thread 0x00000259c9adaae0 Exception <a 'java/lang/NoSuchMethodError'{0x0000000711d1d7c8}: 'java.lang.Object java.lang.invoke.DirectMethodHandle$Holder.newInvokeSpecial(java.lang.Object, java.lang.Object, java.lang.Object, int, java.lang.Object)'> (0x0000000711d1d7c8) 
thrown [s\open\src\hotspot\share\interpreter\linkResolver.cpp, line 759]
Event: 1.536 Thread 0x00000259c9adaae0 Exception <a 'java/lang/NoSuchMethodError'{0x0000000711d25198}: 'java.lang.Object java.lang.invoke.Invokers$Holder.linkToTargetMethod(java.lang.Object, java.lang.Object, int, java.lang.Object, java.lang.Object)'> (0x0000000711d25198) 
thrown [s\open\src\hotspot\share\interpreter\linkResolver.cpp, line 759]
Event: 1.538 Thread 0x00000259c9adaae0 Exception <a 'java/lang/NoSuchMethodError'{0x0000000711d34060}: 'java.lang.Object java.lang.invoke.DirectMethodHandle$Holder.newInvokeSpecial(java.lang.Object, int, java.lang.Object)'> (0x0000000711d34060) 
thrown [s\open\src\hotspot\share\interpreter\linkResolver.cpp, line 759]
Event: 1.539 Thread 0x00000259c9adaae0 Exception <a 'java/lang/NoSuchMethodError'{0x0000000711d38d40}: 'int java.lang.invoke.DirectMethodHandle$Holder.invokeSpecialIFC(java.lang.Object, java.lang.Object, java.lang.Object, java.lang.Object)'> (0x0000000711d38d40) 
thrown [s\open\src\hotspot\share\interpreter\linkResolver.cpp, line 759]
Event: 1.567 Thread 0x00000259c9adaae0 Exception <a 'java/lang/NoSuchMethodError'{0x0000000711a0be70}: 'void java.lang.invoke.DirectMethodHandle$Holder.invokeInterface(java.lang.Object, java.lang.Object, java.lang.Object)'> (0x0000000711a0be70) 
thrown [s\open\src\hotspot\share\interpreter\linkResolver.cpp, line 759]
Event: 1.602 Thread 0x00000259c9adaae0 Exception <a 'java/lang/NoSuchMethodError'{0x0000000711a942f8}: 'void java.lang.invoke.DirectMethodHandle$Holder.invokeStaticInit(java.lang.Object, java.lang.Object, java.lang.Object)'> (0x0000000711a942f8) 
thrown [s\open\src\hotspot\share\interpreter\linkResolver.cpp, line 759]
Event: 1.616 Thread 0x00000259c9adaae0 Exception <a 'java/lang/NoSuchMethodError'{0x0000000711ad9360}: 'java.lang.Object java.lang.invoke.DirectMethodHandle$Holder.invokeStatic(java.lang.Object, java.lang.Object, long, java.lang.Object)'> (0x0000000711ad9360) 
thrown [s\open\src\hotspot\share\interpreter\linkResolver.cpp, line 759]
Event: 1.617 Thread 0x00000259c9adaae0 Exception <a 'java/lang/NoSuchMethodError'{0x0000000711adcdf8}: 'java.lang.Object java.lang.invoke.DirectMethodHandle$Holder.invokeStaticInit(java.lang.Object, java.lang.Object, long, java.lang.Object)'> (0x0000000711adcdf8) 
thrown [s\open\src\hotspot\share\interpreter\linkResolver.cpp, line 759]
Event: 1.618 Thread 0x00000259c9adaae0 Exception <a 'java/lang/NoSuchMethodError'{0x0000000711ae3538}: 'java.lang.Object java.lang.invoke.DirectMethodHandle$Holder.newInvokeSpecial(java.lang.Object, java.lang.Object, long)'> (0x0000000711ae3538) 
thrown [s\open\src\hotspot\share\interpreter\linkResolver.cpp, line 759]
Event: 1.618 Thread 0x00000259c9adaae0 Exception <a 'java/lang/NoSuchMethodError'{0x0000000711ae70a8}: 'java.lang.Object java.lang.invoke.Invokers$Holder.linkToTargetMethod(java.lang.Object, long, java.lang.Object)'> (0x0000000711ae70a8) 
thrown [s\open\src\hotspot\share\interpreter\linkResolver.cpp, line 759]
Event: 1.647 Thread 0x00000259c9adaae0 Exception <a 'java/lang/NoSuchMethodError'{0x0000000711b35510}: 'void java.lang.invoke.DirectMethodHandle$Holder.invokeSpecial(java.lang.Object, java.lang.Object, java.lang.Object, java.lang.Object, java.lang.Object)'> (0x0000000711b35510) 
thrown [s\open\src\hotspot\share\interpreter\linkResolver.cpp, line 759]
Event: 1.648 Thread 0x00000259c9adaae0 Exception <a 'java/lang/NoSuchMethodError'{0x0000000711b3db28}: 'void java.lang.invoke.DirectMethodHandle$Holder.invokeVirtual(java.lang.Object, java.lang.Object, java.lang.Object, java.lang.Object)'> (0x0000000711b3db28) 
thrown [s\open\src\hotspot\share\interpreter\linkResolver.cpp, line 759]
Event: 1.727 Thread 0x00000259c9adaae0 Exception <a 'java/lang/NoSuchMethodError'{0x000000071189a5e8}: 'void java.lang.invoke.DirectMethodHandle$Holder.invokeSpecial(java.lang.Object, java.lang.Object, java.lang.Object)'> (0x000000071189a5e8) 
thrown [s\open\src\hotspot\share\interpreter\linkResolver.cpp, line 759]
Event: 1.738 Thread 0x00000259f1b63330 Exception <a 'java/lang/NoClassDefFoundError'{0x000000071191a2b8}: jakarta/validation/Validation> (0x000000071191a2b8) 
thrown [s\open\src\hotspot\share\classfile\systemDictionary.cpp, line 245]
Event: 1.738 Thread 0x00000259c9adaae0 Exception <a 'java/lang/IncompatibleClassChangeError'{0x00000007118c9b70}: Found class java.lang.Object, but interface was expected> (0x00000007118c9b70) 
thrown [s\open\src\hotspot\share\interpreter\linkResolver.cpp, line 826]

VM Operations (20 events):
Event: 1.334 Executing VM operation: G1CollectForAllocation
Event: 1.340 Executing VM operation: G1CollectForAllocation done
Event: 1.503 Executing VM operation: HandshakeAllThreads
Event: 1.503 Executing VM operation: HandshakeAllThreads done
Event: 1.714 Executing VM operation: HandshakeAllThreads
Event: 1.715 Executing VM operation: HandshakeAllThreads done
Event: 1.722 Executing VM operation: HandshakeAllThreads
Event: 1.722 Executing VM operation: HandshakeAllThreads done
Event: 1.722 Executing VM operation: HandshakeAllThreads
Event: 1.722 Executing VM operation: HandshakeAllThreads done
Event: 1.963 Executing VM operation: ICBufferFull
Event: 1.963 Executing VM operation: ICBufferFull done
Event: 1.987 Executing VM operation: HandshakeAllThreads
Event: 1.987 Executing VM operation: HandshakeAllThreads done
Event: 2.103 Executing VM operation: HandshakeAllThreads
Event: 2.103 Executing VM operation: HandshakeAllThreads done
Event: 2.104 Executing VM operation: G1CollectForAllocation
Event: 2.111 Executing VM operation: G1CollectForAllocation done
Event: 2.196 Executing VM operation: HandshakeAllThreads
Event: 2.196 Executing VM operation: HandshakeAllThreads done

Events (20 events):
Event: 2.178 loading class java/util/AbstractList$Itr done
Event: 2.178 loading class java/util/AbstractList$ListItr done
Event: 2.183 loading class java/util/concurrent/ConcurrentLinkedDeque$Itr
Event: 2.183 loading class java/util/concurrent/ConcurrentLinkedDeque$AbstractItr
Event: 2.183 loading class java/util/concurrent/ConcurrentLinkedDeque$AbstractItr done
Event: 2.183 loading class java/util/concurrent/ConcurrentLinkedDeque$Itr done
Event: 2.211 loading class java/util/Collections$ReverseComparator
Event: 2.211 loading class java/util/Collections$ReverseComparator done
Event: 2.211 loading class java/util/Comparators$NaturalOrderComparator
Event: 2.211 loading class java/util/Comparators$NaturalOrderComparator done
Event: 2.211 loading class java/util/Collections$ReverseComparator2
Event: 2.212 loading class java/util/Collections$ReverseComparator2 done
Event: 2.212 loading class java/util/stream/SortedOps
Event: 2.212 loading class java/util/stream/SortedOps done
Event: 2.212 loading class java/util/stream/SortedOps$OfRef
Event: 2.212 loading class java/util/stream/SortedOps$OfRef done
Event: 2.213 loading class java/util/stream/SortedOps$RefSortingSink
Event: 2.214 loading class java/util/stream/SortedOps$AbstractRefSortingSink
Event: 2.214 loading class java/util/stream/SortedOps$AbstractRefSortingSink done
Event: 2.214 loading class java/util/stream/SortedOps$RefSortingSink done


Dynamic libraries:
0x00007ff7df670000 - 0x00007ff7df680000 	C:\Program Files\Java\jdk-17\bin\java.exe
0x00007ffd0de90000 - 0x00007ffd0e0a7000 	C:\WINDOWS\SYSTEM32\ntdll.dll
0x00007ffd0d7b0000 - 0x00007ffd0d874000 	C:\WINDOWS\System32\KERNEL32.DLL
0x00007ffd0b830000 - 0x00007ffd0bbd6000 	C:\WINDOWS\System32\KERNELBASE.dll
0x00007ffd0b4f0000 - 0x00007ffd0b601000 	C:\WINDOWS\System32\ucrtbase.dll
0x00007ffceb870000 - 0x00007ffceb889000 	C:\Program Files\Java\jdk-17\bin\jli.dll
0x00007ffd0cce0000 - 0x00007ffd0cd93000 	C:\WINDOWS\System32\ADVAPI32.dll
0x00007ffd0ca50000 - 0x00007ffd0caf7000 	C:\WINDOWS\System32\msvcrt.dll
0x00007ffd0c940000 - 0x00007ffd0c9e8000 	C:\WINDOWS\System32\sechost.dll
0x00007ffd0b270000 - 0x00007ffd0b298000 	C:\WINDOWS\System32\bcrypt.dll
0x00007ffd0daf0000 - 0x00007ffd0dc07000 	C:\WINDOWS\System32\RPCRT4.dll
0x00007ffd0ce30000 - 0x00007ffd0cfde000 	C:\WINDOWS\System32\USER32.dll
0x00007ffd0b610000 - 0x00007ffd0b636000 	C:\WINDOWS\System32\win32u.dll
0x00007ffd0c910000 - 0x00007ffd0c939000 	C:\WINDOWS\System32\GDI32.dll
0x00007ffd0b360000 - 0x00007ffd0b478000 	C:\WINDOWS\System32\gdi32full.dll
0x00007ffcfb330000 - 0x00007ffcfb5c3000 	C:\WINDOWS\WinSxS\amd64_microsoft.windows.common-controls_6595b64144ccf1df_6.0.22621.2506_none_270c5ae97388e100\COMCTL32.dll
0x00007ffd0b1d0000 - 0x00007ffd0b26a000 	C:\WINDOWS\System32\msvcp_win.dll
0x00007ffcf5a90000 - 0x00007ffcf5aab000 	C:\Program Files\Java\jdk-17\bin\VCRUNTIME140.dll
0x00007ffd00a80000 - 0x00007ffd00a8a000 	C:\WINDOWS\SYSTEM32\VERSION.dll
0x00007ffd0dd60000 - 0x00007ffd0dd91000 	C:\WINDOWS\System32\IMM32.DLL
0x00007ffcf5b50000 - 0x00007ffcf5b5c000 	C:\Program Files\Java\jdk-17\bin\vcruntime140_1.dll
0x00007ffce58d0000 - 0x00007ffce595e000 	C:\Program Files\Java\jdk-17\bin\msvcp140.dll
0x00007ffcc30a0000 - 0x00007ffcc3c7f000 	C:\Program Files\Java\jdk-17\bin\server\jvm.dll
0x00007ffd0cb10000 - 0x00007ffd0cb18000 	C:\WINDOWS\System32\PSAPI.DLL
0x00007ffd02420000 - 0x00007ffd02454000 	C:\WINDOWS\SYSTEM32\WINMM.dll
0x00007ffce5420000 - 0x00007ffce5429000 	C:\WINDOWS\SYSTEM32\WSOCK32.dll
0x00007ffd0cfe0000 - 0x00007ffd0d051000 	C:\WINDOWS\System32\WS2_32.dll
0x00007ffd0a260000 - 0x00007ffd0a278000 	C:\WINDOWS\SYSTEM32\kernel.appcore.dll
0x00007ffcf59f0000 - 0x00007ffcf59fa000 	C:\Program Files\Java\jdk-17\bin\jimage.dll
0x00007ffd08b90000 - 0x00007ffd08dc3000 	C:\WINDOWS\SYSTEM32\DBGHELP.DLL
0x00007ffd0c580000 - 0x00007ffd0c909000 	C:\WINDOWS\System32\combase.dll
0x00007ffd0bc40000 - 0x00007ffd0bd17000 	C:\WINDOWS\System32\OLEAUT32.dll
0x00007ffce2da0000 - 0x00007ffce2dd2000 	C:\WINDOWS\SYSTEM32\dbgcore.DLL
0x00007ffd0b7b0000 - 0x00007ffd0b82a000 	C:\WINDOWS\System32\bcryptPrimitives.dll
0x00007ffcf5b70000 - 0x00007ffcf5b7e000 	C:\Program Files\Java\jdk-17\bin\instrument.dll
0x00007ffce8be0000 - 0x00007ffce8c05000 	C:\Program Files\Java\jdk-17\bin\java.dll
0x00007ffccf380000 - 0x00007ffccf457000 	C:\Program Files\Java\jdk-17\bin\jsvml.dll
0x00007ffd0bd20000 - 0x00007ffd0c57b000 	C:\WINDOWS\System32\SHELL32.dll
0x00007ffd090f0000 - 0x00007ffd099e6000 	C:\WINDOWS\SYSTEM32\windows.storage.dll
0x00007ffd08fb0000 - 0x00007ffd090ee000 	C:\WINDOWS\SYSTEM32\wintypes.dll
0x00007ffd0dc60000 - 0x00007ffd0dd53000 	C:\WINDOWS\System32\SHCORE.dll
0x00007ffd0bbe0000 - 0x00007ffd0bc3e000 	C:\WINDOWS\System32\shlwapi.dll
0x00007ffd0b100000 - 0x00007ffd0b126000 	C:\WINDOWS\SYSTEM32\profapi.dll
0x00007ffce8950000 - 0x00007ffce8968000 	C:\Program Files\Java\jdk-17\bin\zip.dll
0x00007ffce8990000 - 0x00007ffce89a9000 	C:\Program Files\Java\jdk-17\bin\net.dll
0x00007ffd03750000 - 0x00007ffd03887000 	C:\WINDOWS\SYSTEM32\WINHTTP.dll
0x00007ffd0a740000 - 0x00007ffd0a7a9000 	C:\WINDOWS\system32\mswsock.dll
0x00007ffce8970000 - 0x00007ffce8986000 	C:\Program Files\Java\jdk-17\bin\nio.dll
0x00007ffce8f00000 - 0x00007ffce8f1a000 	C:\Program Files\JetBrains\IntelliJ IDEA Community Edition 2023.3.4\bin\breakgen64.dll

dbghelp: loaded successfully - version: 4.0.5 - missing functions: none
symbol engine: initialized successfully - sym options: 0x614 - pdb path: .;C:\Program Files\Java\jdk-17\bin;C:\WINDOWS\SYSTEM32;C:\WINDOWS\WinSxS\amd64_microsoft.windows.common-controls_6595b64144ccf1df_6.0.22621.2506_none_270c5ae97388e100;C:\Program Files\Java\jdk-17\bin\server;C:\Program Files\JetBrains\IntelliJ IDEA Community Edition 2023.3.4\bin

VM Arguments:
jvm_args: -javaagent:C:\Program Files\JetBrains\IntelliJ IDEA Community Edition 2023.3.4\lib\idea_rt.jar=51632:C:\Program Files\JetBrains\IntelliJ IDEA Community Edition 2023.3.4\bin -Dfile.encoding=UTF-8 
java_command: com.newbiebe.chatty.ChattyApplication
java_class_path (initial): C:\Users\Kham\Downloads\chatty app\chatty\target\classes;C:\Users\Kham\.m2\repository\org\springframework\boot\spring-boot-starter-data-jpa\3.2.2\spring-boot-starter-data-jpa-3.2.2.jar;C:\Users\Kham\.m2\repository\org\springframework\boot\spring-boot-starter-aop\3.2.2\spring-boot-starter-aop-3.2.2.jar;C:\Users\Kham\.m2\repository\org\springframework\spring-aop\6.1.3\spring-aop-6.1.3.jar;C:\Users\Kham\.m2\repository\org\aspectj\aspectjweaver\1.9.21\aspectjweaver-1.9.21.jar;C:\Users\Kham\.m2\repository\org\springframework\boot\spring-boot-starter-jdbc\3.2.2\spring-boot-starter-jdbc-3.2.2.jar;C:\Users\Kham\.m2\repository\com\zaxxer\HikariCP\5.0.1\HikariCP-5.0.1.jar;C:\Users\Kham\.m2\repository\org\springframework\spring-jdbc\6.1.3\spring-jdbc-6.1.3.jar;C:\Users\Kham\.m2\repository\org\hibernate\orm\hibernate-core\6.4.1.Final\hibernate-core-6.4.1.Final.jar;C:\Users\Kham\.m2\repository\jakarta\persistence\jakarta.persistence-api\3.1.0\jakarta.persistence-api-3.1.0.jar;C:\Users\Kham\.m2\repository\jakarta\transaction\jakarta.transaction-api\2.0.1\jakarta.transaction-api-2.0.1.jar;C:\Users\Kham\.m2\repository\org\jboss\logging\jboss-logging\3.5.3.Final\jboss-logging-3.5.3.Final.jar;C:\Users\Kham\.m2\repository\org\hibernate\common\hibernate-commons-annotations\6.0.6.Final\hibernate-commons-annotations-6.0.6.Final.jar;C:\Users\Kham\.m2\repository\io\smallrye\jandex\3.1.2\jandex-3.1.2.jar;C:\Users\Kham\.m2\repository\com\fasterxml\classmate\1.6.0\classmate-1.6.0.jar;C:\Users\Kham\.m2\repository\net\bytebuddy\byte-buddy\1.14.11\byte-buddy-1.14.11.jar;C:\Users\Kham\.m2\repository\org\glassfish\jaxb\jaxb-runtime\4.0.4\jaxb-runtime-4.0.4.jar;C:\Users\Kham\.m2\repository\org\glassfish\jaxb\jaxb-core\4.0.4\jaxb-core-4.0.4.jar;C:\Users\Kham\.m2\repository\org\eclipse\angus\angus-activation\2.0.1\angus-activation-2.0.1.jar;C:\Users\Kham\.m2\repository\org\glassfish\jaxb\txw2\4.0.4\txw2-4.0.4.jar;C:\Users\Kham\.m2\repository\com\sun\istack\istack-commons-
Launcher Type: SUN_STANDARD

[Global flags]
     intx CICompilerCount                          = 4                                         {product} {ergonomic}
     uint ConcGCThreads                            = 3                                         {product} {ergonomic}
     uint G1ConcRefinementThreads                  = 10                                        {product} {ergonomic}
   size_t G1HeapRegionSize                         = 2097152                                   {product} {ergonomic}
    uintx GCDrainStackTargetSize                   = 64                                        {product} {ergonomic}
   size_t InitialHeapSize                          = 266338304                                 {product} {ergonomic}
   size_t MarkStackSize                            = 4194304                                   {product} {ergonomic}
   size_t MaxHeapSize                              = 4257218560                                {product} {ergonomic}
   size_t MaxNewSize                               = 2554331136                                {product} {ergonomic}
   size_t MinHeapDeltaBytes                        = 2097152                                   {product} {ergonomic}
   size_t MinHeapSize                              = 8388608                                   {product} {ergonomic}
    uintx NonNMethodCodeHeapSize                   = 5839372                                {pd product} {ergonomic}
    uintx NonProfiledCodeHeapSize                  = 122909434                              {pd product} {ergonomic}
    uintx ProfiledCodeHeapSize                     = 122909434                              {pd product} {ergonomic}
    uintx ReservedCodeCacheSize                    = 251658240                              {pd product} {ergonomic}
     bool SegmentedCodeCache                       = true                                      {product} {ergonomic}
   size_t SoftMaxHeapSize                          = 4257218560                             {manageable} {ergonomic}
     bool UseCompressedClassPointers               = true                           {product lp64_product} {ergonomic}
     bool UseCompressedOops                        = true                           {product lp64_product} {ergonomic}
     bool UseG1GC                                  = true                                      {product} {ergonomic}
     bool UseLargePagesIndividualAllocation        = false                                  {pd product} {ergonomic}

Logging:
Log output configuration:
 #0: stdout all=warning uptime,level,tags
 #1: stderr all=off uptime,level,tags

Environment Variables:
JAVA_HOME=C:\Program Files\Java\jdk-17\bin
PATH=C:\Program Files\Microsoft SDKs\Azure\CLI2\wbin;C:\Program Files\Common Files\Oracle\Java\javapath;C:\Windows\system32;C:\Windows;C:\Windows\System32\Wbem;C:\Windows\System32\WindowsPowerShell\v1.0\;C:\Windows\System32\OpenSSH\;C:\Program Files (x86)\NVIDIA Corporation\PhysX\Common;C:\Program Files\NVIDIA Corporation\NVIDIA NvDLISR;C:\WINDOWS\system32;C:\WINDOWS;C:\WINDOWS\System32\Wbem;C:\WINDOWS\System32\WindowsPowerShell\v1.0\;C:\WINDOWS\System32\OpenSSH\;C:\Program Files\Git\cmd;C:\Program Files\Amazon\AWSSAMCLI\bin\;C:\Users\Kham\AppData\Local\Programs\Python\Python39;C:\Program Files\Amazon\AWSCLIV2\;C:\Program Files\nodejs\;C:\Program Files\Cloudflare\Cloudflare WARP\;C:\Users\Kham\AppData\Local\Programs\Python\Python39\Scripts;C:\Users\Kham\AppData\Local\Microsoft\WindowsApps;C:\Users\Kham\AppData\Local\Programs\Microsoft VS Code\bin;C:\Users\Kham\AppData\Roaming\npm;C:\terraform;C:\Users\Kham\AppData\Local\Programs\Python\Python39;C:\K8s;C:\Program Files\JetBrains\IntelliJ IDEA Community Edition 2023.3.4\bin;;C:\apache-maven-3.9.6\bin;
USERNAME=Kham
OS=Windows_NT
PROCESSOR_IDENTIFIER=Intel64 Family 6 Model 158 Stepping 10, GenuineIntel



---------------  S Y S T E M  ---------------

OS:
 Windows 11 , 64 bit Build 22621 (10.0.22621.3085)
OS uptime: 0 days 0:57 hours
Hyper-V role detected

CPU: total 12 (initial active 12) (6 cores per cpu, 2 threads per core) family 6 model 158 stepping 10 microcode 0xde, cx8, cmov, fxsr, ht, mmx, 3dnowpref, sse, sse2, sse3, ssse3, sse4.1, sse4.2, popcnt, lzcnt, tsc, tscinvbit, avx, avx2, aes, erms, clmul, bmi1, bmi2, adx, fma, vzeroupper, clflush, clflushopt, hv

Memory: 4k page, system-wide physical 16233M (3672M free)
TotalPageFile size 16233M (AvailPageFile size 6M)
current process WorkingSet (physical memory assigned to process): 114M, peak: 114M
current process commit charge ("private bytes"): 383M, peak: 383M

vm_info: Java HotSpot(TM) 64-Bit Server VM (17.0.10+11-LTS-240) for windows-amd64 JRE (17.0.10+11-LTS-240), built on Dec 19 2023 21:47:25 by "mach5one" with MS VC++ 17.1 (VS2022)

END.
